<?xml version="1.0" encoding="UTF-8"?><testsuite errors="2" failures="0" name="Busquedas en dogpile" skipped="0" tests="3" time="63.38" timestamp="2019-08-20 02:10:59"><testcase name="Buscar resultados relevantes"/><testcase name="Verificar que los resultados con texto relevante al titulo"><error message="no such element: Unable to locate element: {&quot;method&quot;:&quot;xpath&quot;,&quot;selector&quot;:&quot;//a[contains(@class, 'web-bing__title') and contains(.,'Argentine Rock Nacional is one of')]&quot;}&#10;  (Session info: chrome=76.0.3809.100)&#10;For documentation on this error, please visit: https://www.seleniumhq.org/exceptions/no_such_element.html&#10;Build info: version: '3.141.59', revision: 'e82be7d358', time: '2018-11-14T08:17:03'&#10;System info: host: 'Franks-MacBook-Air.local', ip: 'fe80:0:0:0:cba:f3f2:c187:5766%en0', os.name: 'Mac OS X', os.arch: 'x86_64', os.version: '10.14.2', java.version: '12'&#10;Driver info: org.openqa.selenium.remote.RemoteWebDriver&#10;Capabilities {acceptInsecureCerts: false, browserName: chrome, browserVersion: 76.0.3809.100, chrome: {chromedriverVersion: 75.0.3770.140 (2d9f97485c7b..., userDataDir: /var/folders/2s/wsmw81yd091...}, goog:chromeOptions: {debuggerAddress: localhost:53215}, javascriptEnabled: true, networkConnectionEnabled: false, pageLoadStrategy: normal, platform: MAC, platformName: MAC, proxy: Proxy(), setWindowRect: true, strictFileInteractability: false, timeouts: {implicit: 0, pageLoad: 300000, script: 30000}, unhandledPromptBehavior: dismiss and notify}&#10;Session ID: dd020932318ade2f1fa1483a96ceed45&#10;*** Element info: {Using=xpath, value=//a[contains(@class, 'web-bing__title') and contains(.,'Argentine Rock Nacional is one of')]}&#10;For documentation on this error, please visit: https://www.seleniumhq.org/exceptions/no_such_element.html&#10;Build info: version: '3.141.59', revision: 'e82be7d358', time: '2018-11-14T08:17:03'&#10;System info: host: 'Franks-MacBook-Air.local', ip: 'fe80:0:0:0:cba:f3f2:c187:5766%en0', os.name: 'Mac OS X', os.arch: 'x86_64', os.version: '10.14.2', java.version: '12'&#10;Driver info: driver.version: unknown" type="org.openqa.selenium.NoSuchElementException">no such element: Unable to locate element: {"method":"xpath","selector":"//a[contains(@class, 'web-bing__title') and contains(.,'Argentine Rock Nacional is one of')]"}
  (Session info: chrome=76.0.3809.100)
For documentation on this error, please visit: https://www.seleniumhq.org/exceptions/no_such_element.html
Build info: version: '3.141.59', revision: 'e82be7d358', time: '2018-11-14T08:17:03'
System info: host: 'Franks-MacBook-Air.local', ip: 'fe80:0:0:0:cba:f3f2:c187:5766%en0', os.name: 'Mac OS X', os.arch: 'x86_64', os.version: '10.14.2', java.version: '12'
Driver info: org.openqa.selenium.remote.RemoteWebDriver
Capabilities {acceptInsecureCerts: false, browserName: chrome, browserVersion: 76.0.3809.100, chrome: {chromedriverVersion: 75.0.3770.140 (2d9f97485c7b..., userDataDir: /var/folders/2s/wsmw81yd091...}, goog:chromeOptions: {debuggerAddress: localhost:53215}, javascriptEnabled: true, networkConnectionEnabled: false, pageLoadStrategy: normal, platform: MAC, platformName: MAC, proxy: Proxy(), setWindowRect: true, strictFileInteractability: false, timeouts: {implicit: 0, pageLoad: 300000, script: 30000}, unhandledPromptBehavior: dismiss and notify}
Session ID: dd020932318ade2f1fa1483a96ceed45
*** Element info: {Using=xpath, value=//a[contains(@class, 'web-bing__title') and contains(.,'Argentine Rock Nacional is one of')]}
For documentation on this error, please visit: https://www.seleniumhq.org/exceptions/no_such_element.html
Build info: version: '3.141.59', revision: 'e82be7d358', time: '2018-11-14T08:17:03'
System info: host: 'Franks-MacBook-Air.local', ip: 'fe80:0:0:0:cba:f3f2:c187:5766%en0', os.name: 'Mac OS X', os.arch: 'x86_64', os.version: '10.14.2', java.version: '12'
Driver info: driver.version: unknown</error><system-err>no such element: Unable to locate element: {"method":"xpath","selector":"//a[contains(@class, 'web-bing__title') and contains(.,'Argentine Rock Nacional is one of')]"}
  (Session info: chrome=76.0.3809.100)
For documentation on this error, please visit: https://www.seleniumhq.org/exceptions/no_such_element.html
Build info: version: '3.141.59', revision: 'e82be7d358', time: '2018-11-14T08:17:03'
System info: host: 'Franks-MacBook-Air.local', ip: 'fe80:0:0:0:cba:f3f2:c187:5766%en0', os.name: 'Mac OS X', os.arch: 'x86_64', os.version: '10.14.2', java.version: '12'
Driver info: org.openqa.selenium.remote.RemoteWebDriver
Capabilities {acceptInsecureCerts: false, browserName: chrome, browserVersion: 76.0.3809.100, chrome: {chromedriverVersion: 75.0.3770.140 (2d9f97485c7b..., userDataDir: /var/folders/2s/wsmw81yd091...}, goog:chromeOptions: {debuggerAddress: localhost:53215}, javascriptEnabled: true, networkConnectionEnabled: false, pageLoadStrategy: normal, platform: MAC, platformName: MAC, proxy: Proxy(), setWindowRect: true, strictFileInteractability: false, timeouts: {implicit: 0, pageLoad: 300000, script: 30000}, unhandledPromptBehavior: dismiss and notify}
Session ID: dd020932318ade2f1fa1483a96ceed45
*** Element info: {Using=xpath, value=//a[contains(@class, 'web-bing__title') and contains(.,'Argentine Rock Nacional is one of')]}
For documentation on this error, please visit: https://www.seleniumhq.org/exceptions/no_such_element.html
Build info: version: '3.141.59', revision: 'e82be7d358', time: '2018-11-14T08:17:03'
System info: host: 'Franks-MacBook-Air.local', ip: 'fe80:0:0:0:cba:f3f2:c187:5766%en0', os.name: 'Mac OS X', os.arch: 'x86_64', os.version: '10.14.2', java.version: '12'
Driver info: driver.version: unknown
motoresBusqueda.dogpile.PageObject.DogpilePaginaResultados.obtenerTituloResultado(DogpilePaginaResultados.java:25)
motoresBusqueda.dogpile.Steps.UsuarioDogPile.el_usuario_deberia_ver_un_texto_relevante_con_el_titulo(UsuarioDogPile.java:52)
motoresBusqueda.dogpile.BusinessControler.RealizarBusquedasDogPile.el_usuario_deberia_ver_un_texto_Rock_de_Argentina_Wikipedia_is_relevante_con_el_titulo_El_rock_and_roll_surgió(RealizarBusquedasDogPile.java:35)
✽.Jose deberia ver un texto: Argentine Rock Nacional is one of is relevante con el titulo: Argentine rock - Wikipedia(src/test/resources/feature/dogPile.feature:13)
</system-err></testcase></testsuite>